GET--/api/user/check--Mozilla/5.0 (Windows NT 10.0; Win64; x64) AppleWebKit/537.36 (KHTML, like Gecko) Chrome/71.0.3578.98 Safari/537.36
GET--/favicon.ico--Mozilla/5.0 (Windows NT 10.0; WOW64) AppleWebKit/537.36 (KHTML, like Gecko) Chrome/69.0.3497.100 Safari/537.36
GET--/api/user/check--Mozilla/5.0 (Windows NT 10.0; WOW64) AppleWebKit/537.36 (KHTML, like Gecko) Chrome/69.0.3497.100 Safari/537.36
GET--/favicon.ico--Mozilla/5.0 (Windows NT 10.0; WOW64) AppleWebKit/537.36 (KHTML, like Gecko) Chrome/69.0.3497.100 Safari/537.36
GET--/api/user/check--Mozilla/5.0 (Windows NT 10.0; WOW64; Trident/7.0; rv:11.0) like Gecko
GET--/api/user/check--Mozilla/5.0 (Windows NT 10.0; WOW64; Trident/7.0; rv:11.0) like Gecko
GET--/--Mozilla/5.0 (Windows NT 10.0; Win64; x64) AppleWebKit/537.36 (KHTML, like Gecko) Chrome/74.0.3729.169 Safari/537.36
GET--/favicon.ico--Mozilla/5.0 (Windows NT 10.0; Win64; x64) AppleWebKit/537.36 (KHTML, like Gecko) Chrome/74.0.3729.169 Safari/537.36
GET--/api/blog/list--Mozilla/5.0 (Windows NT 10.0; Win64; x64) AppleWebKit/537.36 (KHTML, like Gecko) Chrome/74.0.3729.169 Safari/537.36
GET--/api/blog/list--node-fetch/1.0 (+https://github.com/bitinn/node-fetch)
GET--/api/blog/list--node-fetch/1.0 (+https://github.com/bitinn/node-fetch)
GET--/api/blog/list--node-fetch/1.0 (+https://github.com/bitinn/node-fetch)
GET--/api/blog/list--node-fetch/1.0 (+https://github.com/bitinn/node-fetch)
GET--/api/blog/list--node-fetch/1.0 (+https://github.com/bitinn/node-fetch)
GET--/api/blog/list--node-fetch/1.0 (+https://github.com/bitinn/node-fetch)
GET--/api/blog/list--node-fetch/1.0 (+https://github.com/bitinn/node-fetch)
GET--/api/blog/list--node-fetch/1.0 (+https://github.com/bitinn/node-fetch)
GET--/api/blog/list--node-fetch/1.0 (+https://github.com/bitinn/node-fetch)
GET--/api/blog/list--node-fetch/1.0 (+https://github.com/bitinn/node-fetch)
GET--/api/blog/list--node-fetch/1.0 (+https://github.com/bitinn/node-fetch)
GET--/api/blog/list--node-fetch/1.0 (+https://github.com/bitinn/node-fetch)
GET--/api/blog/list--node-fetch/1.0 (+https://github.com/bitinn/node-fetch)
GET--/api/blog/list--node-fetch/1.0 (+https://github.com/bitinn/node-fetch)
GET--/api/blog/list--node-fetch/1.0 (+https://github.com/bitinn/node-fetch)
GET--/api/blog/list--node-fetch/1.0 (+https://github.com/bitinn/node-fetch)
GET--/api/blog/list--node-fetch/1.0 (+https://github.com/bitinn/node-fetch)
GET--/api/blog/list--node-fetch/1.0 (+https://github.com/bitinn/node-fetch)
GET--/api/blog/list--node-fetch/1.0 (+https://github.com/bitinn/node-fetch)
GET--/api/blog/list--node-fetch/1.0 (+https://github.com/bitinn/node-fetch)
GET--/api/blog/list--node-fetch/1.0 (+https://github.com/bitinn/node-fetch)
GET--/api/blog/list--node-fetch/1.0 (+https://github.com/bitinn/node-fetch)
GET--/api/blog/list--node-fetch/1.0 (+https://github.com/bitinn/node-fetch)
GET--/api/blog/list--node-fetch/1.0 (+https://github.com/bitinn/node-fetch)
GET--/api/blog/list--node-fetch/1.0 (+https://github.com/bitinn/node-fetch)
GET--/api/blog/list--node-fetch/1.0 (+https://github.com/bitinn/node-fetch)
GET--/api/blog/list--node-fetch/1.0 (+https://github.com/bitinn/node-fetch)
GET--/api/blog/list--node-fetch/1.0 (+https://github.com/bitinn/node-fetch)
GET--/api/blog/list--node-fetch/1.0 (+https://github.com/bitinn/node-fetch)
GET--/api/blog/list--node-fetch/1.0 (+https://github.com/bitinn/node-fetch)
GET--/api/blog/list--node-fetch/1.0 (+https://github.com/bitinn/node-fetch)
GET--/api/blog/list--node-fetch/1.0 (+https://github.com/bitinn/node-fetch)
GET--/api/blog/list--node-fetch/1.0 (+https://github.com/bitinn/node-fetch)
GET--/api/blog/list--node-fetch/1.0 (+https://github.com/bitinn/node-fetch)
GET--/api/blog/list--node-fetch/1.0 (+https://github.com/bitinn/node-fetch)
GET--/api/blog/list--node-fetch/1.0 (+https://github.com/bitinn/node-fetch)
GET--/api/blog/list--node-fetch/1.0 (+https://github.com/bitinn/node-fetch)
GET--/api/blog/list--node-fetch/1.0 (+https://github.com/bitinn/node-fetch)
GET--/api/blog/list--node-fetch/1.0 (+https://github.com/bitinn/node-fetch)
GET--/api/blog/list--node-fetch/1.0 (+https://github.com/bitinn/node-fetch)
GET--/api/blog/list--node-fetch/1.0 (+https://github.com/bitinn/node-fetch)
GET--/api/blog/list--node-fetch/1.0 (+https://github.com/bitinn/node-fetch)
GET--/api/blog/list--node-fetch/1.0 (+https://github.com/bitinn/node-fetch)
GET--/api/blog/list--node-fetch/1.0 (+https://github.com/bitinn/node-fetch)
GET--/api/blog/list--node-fetch/1.0 (+https://github.com/bitinn/node-fetch)
GET--/api/blog/list--node-fetch/1.0 (+https://github.com/bitinn/node-fetch)
GET--/api/blog/list--node-fetch/1.0 (+https://github.com/bitinn/node-fetch)
GET--/api/blog/list--node-fetch/1.0 (+https://github.com/bitinn/node-fetch)
GET--/api/blog/list--node-fetch/1.0 (+https://github.com/bitinn/node-fetch)
GET--/api/blog/list--node-fetch/1.0 (+https://github.com/bitinn/node-fetch)
GET--/api/blog/list--node-fetch/1.0 (+https://github.com/bitinn/node-fetch)
GET--/api/blog/list--node-fetch/1.0 (+https://github.com/bitinn/node-fetch)
GET--/api/blog/list--node-fetch/1.0 (+https://github.com/bitinn/node-fetch)
GET--/api/blog/list--node-fetch/1.0 (+https://github.com/bitinn/node-fetch)
GET--/api/blog/list--node-fetch/1.0 (+https://github.com/bitinn/node-fetch)
GET--/api/blog/list--node-fetch/1.0 (+https://github.com/bitinn/node-fetch)
GET--/api/blog/list--node-fetch/1.0 (+https://github.com/bitinn/node-fetch)
GET--/api/blog/list--node-fetch/1.0 (+https://github.com/bitinn/node-fetch)
GET--/api/blog/list--node-fetch/1.0 (+https://github.com/bitinn/node-fetch)
GET--/api/blog/list--node-fetch/1.0 (+https://github.com/bitinn/node-fetch)
GET--/api/blog/list--node-fetch/1.0 (+https://github.com/bitinn/node-fetch)
GET--/api/blog/list--node-fetch/1.0 (+https://github.com/bitinn/node-fetch)
GET--/api/blog/list--node-fetch/1.0 (+https://github.com/bitinn/node-fetch)
GET--/api/blog/list--node-fetch/1.0 (+https://github.com/bitinn/node-fetch)
GET--/api/blog/list--node-fetch/1.0 (+https://github.com/bitinn/node-fetch)
GET--/api/blog/list--node-fetch/1.0 (+https://github.com/bitinn/node-fetch)
GET--/api/blog/list--node-fetch/1.0 (+https://github.com/bitinn/node-fetch)
GET--/api/blog/list--node-fetch/1.0 (+https://github.com/bitinn/node-fetch)
GET--/api/blog/list--node-fetch/1.0 (+https://github.com/bitinn/node-fetch)
GET--/api/blog/list--node-fetch/1.0 (+https://github.com/bitinn/node-fetch)
GET--/api/blog/list--node-fetch/1.0 (+https://github.com/bitinn/node-fetch)
GET--/api/blog/list--node-fetch/1.0 (+https://github.com/bitinn/node-fetch)
GET--/api/blog/list--node-fetch/1.0 (+https://github.com/bitinn/node-fetch)
GET--/api/blog/list--node-fetch/1.0 (+https://github.com/bitinn/node-fetch)
GET--/api/blog/list--node-fetch/1.0 (+https://github.com/bitinn/node-fetch)
GET--/api/blog/list--node-fetch/1.0 (+https://github.com/bitinn/node-fetch)
GET--/api/blog/list--node-fetch/1.0 (+https://github.com/bitinn/node-fetch)
GET--/api/blog/list--node-fetch/1.0 (+https://github.com/bitinn/node-fetch)
GET--/api/blog/list--node-fetch/1.0 (+https://github.com/bitinn/node-fetch)
GET--/api/blog/list--node-fetch/1.0 (+https://github.com/bitinn/node-fetch)
GET--/api/blog/list--node-fetch/1.0 (+https://github.com/bitinn/node-fetch)
GET--/api/blog/list--node-fetch/1.0 (+https://github.com/bitinn/node-fetch)
GET--/api/blog/list--node-fetch/1.0 (+https://github.com/bitinn/node-fetch)
GET--/api/blog/list--node-fetch/1.0 (+https://github.com/bitinn/node-fetch)
GET--/api/blog/list--node-fetch/1.0 (+https://github.com/bitinn/node-fetch)
GET--/api/blog/list--node-fetch/1.0 (+https://github.com/bitinn/node-fetch)
GET--/api/blog/list--node-fetch/1.0 (+https://github.com/bitinn/node-fetch)
GET--/api/blog/list--node-fetch/1.0 (+https://github.com/bitinn/node-fetch)
GET--/api/blog/list--node-fetch/1.0 (+https://github.com/bitinn/node-fetch)
GET--/api/blog/list--node-fetch/1.0 (+https://github.com/bitinn/node-fetch)
GET--/api/blog/list--node-fetch/1.0 (+https://github.com/bitinn/node-fetch)
GET--/api/blog/list--node-fetch/1.0 (+https://github.com/bitinn/node-fetch)
GET--/api/blog/list--node-fetch/1.0 (+https://github.com/bitinn/node-fetch)
GET--/api/blog/list--node-fetch/1.0 (+https://github.com/bitinn/node-fetch)
GET--/api/blog/list--node-fetch/1.0 (+https://github.com/bitinn/node-fetch)
GET--/api/blog/list--node-fetch/1.0 (+https://github.com/bitinn/node-fetch)
GET--/api/blog/list--node-fetch/1.0 (+https://github.com/bitinn/node-fetch)
GET--/api/blog/list--node-fetch/1.0 (+https://github.com/bitinn/node-fetch)
GET--/api/blog/list--node-fetch/1.0 (+https://github.com/bitinn/node-fetch)
GET--/api/blog/list--node-fetch/1.0 (+https://github.com/bitinn/node-fetch)
GET--/api/blog/list--node-fetch/1.0 (+https://github.com/bitinn/node-fetch)
GET--/api/blog/list--node-fetch/1.0 (+https://github.com/bitinn/node-fetch)
GET--/api/blog/list--node-fetch/1.0 (+https://github.com/bitinn/node-fetch)
GET--/api/blog/list--node-fetch/1.0 (+https://github.com/bitinn/node-fetch)
GET--/api/blog/list--node-fetch/1.0 (+https://github.com/bitinn/node-fetch)
GET--/api/blog/list--node-fetch/1.0 (+https://github.com/bitinn/node-fetch)
GET--/api/blog/list--node-fetch/1.0 (+https://github.com/bitinn/node-fetch)
GET--/api/blog/list--node-fetch/1.0 (+https://github.com/bitinn/node-fetch)
GET--/api/blog/list--node-fetch/1.0 (+https://github.com/bitinn/node-fetch)
GET--/api/blog/list--node-fetch/1.0 (+https://github.com/bitinn/node-fetch)
GET--/api/blog/list--node-fetch/1.0 (+https://github.com/bitinn/node-fetch)
GET--/api/blog/list--node-fetch/1.0 (+https://github.com/bitinn/node-fetch)
GET--/api/blog/list--node-fetch/1.0 (+https://github.com/bitinn/node-fetch)
GET--/api/blog/list--node-fetch/1.0 (+https://github.com/bitinn/node-fetch)
GET--/api/blog/list--node-fetch/1.0 (+https://github.com/bitinn/node-fetch)
GET--/api/blog/list--node-fetch/1.0 (+https://github.com/bitinn/node-fetch)
GET--/api/blog/list--node-fetch/1.0 (+https://github.com/bitinn/node-fetch)
GET--/api/blog/list--node-fetch/1.0 (+https://github.com/bitinn/node-fetch)
GET--/api/blog/list--node-fetch/1.0 (+https://github.com/bitinn/node-fetch)
GET--/api/blog/list--node-fetch/1.0 (+https://github.com/bitinn/node-fetch)
GET--/api/blog/list--node-fetch/1.0 (+https://github.com/bitinn/node-fetch)
GET--/api/blog/list--node-fetch/1.0 (+https://github.com/bitinn/node-fetch)
GET--/api/blog/list--node-fetch/1.0 (+https://github.com/bitinn/node-fetch)
GET--/api/blog/list--node-fetch/1.0 (+https://github.com/bitinn/node-fetch)
GET--/api/blog/list--node-fetch/1.0 (+https://github.com/bitinn/node-fetch)
GET--/api/blog/list--node-fetch/1.0 (+https://github.com/bitinn/node-fetch)
GET--/api/blog/list--node-fetch/1.0 (+https://github.com/bitinn/node-fetch)
GET--/api/blog/list--node-fetch/1.0 (+https://github.com/bitinn/node-fetch)
GET--/api/blog/list--node-fetch/1.0 (+https://github.com/bitinn/node-fetch)
GET--/api/blog/list--node-fetch/1.0 (+https://github.com/bitinn/node-fetch)
GET--/api/blog/list--node-fetch/1.0 (+https://github.com/bitinn/node-fetch)
GET--/api/blog/list--node-fetch/1.0 (+https://github.com/bitinn/node-fetch)
GET--/api/blog/list--node-fetch/1.0 (+https://github.com/bitinn/node-fetch)
GET--/api/blog/list--node-fetch/1.0 (+https://github.com/bitinn/node-fetch)
GET--/api/blog/list--node-fetch/1.0 (+https://github.com/bitinn/node-fetch)
GET--/api/blog/list--node-fetch/1.0 (+https://github.com/bitinn/node-fetch)
GET--/api/blog/list--node-fetch/1.0 (+https://github.com/bitinn/node-fetch)
GET--/api/blog/list--node-fetch/1.0 (+https://github.com/bitinn/node-fetch)
GET--/api/blog/list--node-fetch/1.0 (+https://github.com/bitinn/node-fetch)
GET--/api/blog/list--node-fetch/1.0 (+https://github.com/bitinn/node-fetch)
GET--/api/blog/list--node-fetch/1.0 (+https://github.com/bitinn/node-fetch)
GET--/api/blog/list--node-fetch/1.0 (+https://github.com/bitinn/node-fetch)
GET--/api/blog/list--node-fetch/1.0 (+https://github.com/bitinn/node-fetch)
GET--/api/blog/list--node-fetch/1.0 (+https://github.com/bitinn/node-fetch)
GET--/api/blog/list--node-fetch/1.0 (+https://github.com/bitinn/node-fetch)
GET--/api/blog/list--node-fetch/1.0 (+https://github.com/bitinn/node-fetch)
GET--/api/blog/list--node-fetch/1.0 (+https://github.com/bitinn/node-fetch)
GET--/api/blog/list--node-fetch/1.0 (+https://github.com/bitinn/node-fetch)
GET--/api/blog/list--node-fetch/1.0 (+https://github.com/bitinn/node-fetch)
GET--/api/blog/list--node-fetch/1.0 (+https://github.com/bitinn/node-fetch)
GET--/api/blog/list--node-fetch/1.0 (+https://github.com/bitinn/node-fetch)
GET--/api/blog/list--node-fetch/1.0 (+https://github.com/bitinn/node-fetch)
GET--/api/blog/list--node-fetch/1.0 (+https://github.com/bitinn/node-fetch)
GET--/api/blog/list--node-fetch/1.0 (+https://github.com/bitinn/node-fetch)
GET--/api/blog/list--node-fetch/1.0 (+https://github.com/bitinn/node-fetch)
GET--/api/blog/list--node-fetch/1.0 (+https://github.com/bitinn/node-fetch)
GET--/api/blog/list--node-fetch/1.0 (+https://github.com/bitinn/node-fetch)
GET--/api/blog/list--node-fetch/1.0 (+https://github.com/bitinn/node-fetch)
GET--/api/blog/list--node-fetch/1.0 (+https://github.com/bitinn/node-fetch)
GET--/api/blog/list--node-fetch/1.0 (+https://github.com/bitinn/node-fetch)
GET--/api/blog/list--node-fetch/1.0 (+https://github.com/bitinn/node-fetch)
GET--/api/blog/list--node-fetch/1.0 (+https://github.com/bitinn/node-fetch)
GET--/api/blog/list--node-fetch/1.0 (+https://github.com/bitinn/node-fetch)
GET--/api/blog/list--node-fetch/1.0 (+https://github.com/bitinn/node-fetch)
GET--/api/blog/list--node-fetch/1.0 (+https://github.com/bitinn/node-fetch)
GET--/api/blog/list--node-fetch/1.0 (+https://github.com/bitinn/node-fetch)
GET--/api/blog/list--node-fetch/1.0 (+https://github.com/bitinn/node-fetch)
GET--/api/blog/list--node-fetch/1.0 (+https://github.com/bitinn/node-fetch)
GET--/api/blog/list--node-fetch/1.0 (+https://github.com/bitinn/node-fetch)
GET--/api/blog/list--node-fetch/1.0 (+https://github.com/bitinn/node-fetch)
GET--/api/blog/list--node-fetch/1.0 (+https://github.com/bitinn/node-fetch)
GET--/api/blog/list--node-fetch/1.0 (+https://github.com/bitinn/node-fetch)
GET--/api/blog/list--node-fetch/1.0 (+https://github.com/bitinn/node-fetch)
GET--/api/blog/list--node-fetch/1.0 (+https://github.com/bitinn/node-fetch)
GET--/api/blog/list--node-fetch/1.0 (+https://github.com/bitinn/node-fetch)
GET--/api/blog/list--node-fetch/1.0 (+https://github.com/bitinn/node-fetch)
GET--/api/blog/list--node-fetch/1.0 (+https://github.com/bitinn/node-fetch)
GET--/api/blog/list--node-fetch/1.0 (+https://github.com/bitinn/node-fetch)
GET--/api/blog/list--node-fetch/1.0 (+https://github.com/bitinn/node-fetch)
GET--/api/blog/list--node-fetch/1.0 (+https://github.com/bitinn/node-fetch)
GET--/api/blog/list--node-fetch/1.0 (+https://github.com/bitinn/node-fetch)
GET--/api/blog/list--node-fetch/1.0 (+https://github.com/bitinn/node-fetch)
GET--/api/blog/list--node-fetch/1.0 (+https://github.com/bitinn/node-fetch)
GET--/api/blog/list--node-fetch/1.0 (+https://github.com/bitinn/node-fetch)
GET--/api/blog/list--node-fetch/1.0 (+https://github.com/bitinn/node-fetch)
GET--/api/blog/list--node-fetch/1.0 (+https://github.com/bitinn/node-fetch)
GET--/api/blog/list--node-fetch/1.0 (+https://github.com/bitinn/node-fetch)
GET--/api/blog/list--node-fetch/1.0 (+https://github.com/bitinn/node-fetch)
GET--/api/blog/list--node-fetch/1.0 (+https://github.com/bitinn/node-fetch)
GET--/api/blog/list--node-fetch/1.0 (+https://github.com/bitinn/node-fetch)
GET--/api/blog/list--node-fetch/1.0 (+https://github.com/bitinn/node-fetch)
GET--/api/blog/list--node-fetch/1.0 (+https://github.com/bitinn/node-fetch)
GET--/api/blog/list--node-fetch/1.0 (+https://github.com/bitinn/node-fetch)
GET--/api/blog/list--node-fetch/1.0 (+https://github.com/bitinn/node-fetch)
GET--/api/blog/list--node-fetch/1.0 (+https://github.com/bitinn/node-fetch)
GET--/api/blog/list--node-fetch/1.0 (+https://github.com/bitinn/node-fetch)
GET--/api/blog/list--node-fetch/1.0 (+https://github.com/bitinn/node-fetch)
GET--/api/blog/list--node-fetch/1.0 (+https://github.com/bitinn/node-fetch)
GET--/api/blog/list--node-fetch/1.0 (+https://github.com/bitinn/node-fetch)
GET--/api/blog/list--node-fetch/1.0 (+https://github.com/bitinn/node-fetch)
GET--/api/blog/list--node-fetch/1.0 (+https://github.com/bitinn/node-fetch)
GET--/api/blog/list--node-fetch/1.0 (+https://github.com/bitinn/node-fetch)
GET--/api/blog/list--node-fetch/1.0 (+https://github.com/bitinn/node-fetch)
GET--/api/blog/list--node-fetch/1.0 (+https://github.com/bitinn/node-fetch)
GET--/api/blog/list--node-fetch/1.0 (+https://github.com/bitinn/node-fetch)
GET--/api/blog/list--node-fetch/1.0 (+https://github.com/bitinn/node-fetch)
GET--/api/blog/list--node-fetch/1.0 (+https://github.com/bitinn/node-fetch)
GET--/api/blog/list--node-fetch/1.0 (+https://github.com/bitinn/node-fetch)
GET--/api/blog/list--node-fetch/1.0 (+https://github.com/bitinn/node-fetch)
GET--/api/blog/list--node-fetch/1.0 (+https://github.com/bitinn/node-fetch)
GET--/api/blog/list--node-fetch/1.0 (+https://github.com/bitinn/node-fetch)
GET--/api/blog/list--node-fetch/1.0 (+https://github.com/bitinn/node-fetch)
GET--/api/blog/list--node-fetch/1.0 (+https://github.com/bitinn/node-fetch)
GET--/api/blog/list--node-fetch/1.0 (+https://github.com/bitinn/node-fetch)
GET--/api/blog/list--node-fetch/1.0 (+https://github.com/bitinn/node-fetch)
GET--/api/blog/list--node-fetch/1.0 (+https://github.com/bitinn/node-fetch)
GET--/api/blog/list--node-fetch/1.0 (+https://github.com/bitinn/node-fetch)
GET--/api/blog/list--node-fetch/1.0 (+https://github.com/bitinn/node-fetch)
GET--/api/blog/list--node-fetch/1.0 (+https://github.com/bitinn/node-fetch)
GET--/api/blog/list--node-fetch/1.0 (+https://github.com/bitinn/node-fetch)
GET--/api/blog/list--node-fetch/1.0 (+https://github.com/bitinn/node-fetch)
GET--/api/blog/list--node-fetch/1.0 (+https://github.com/bitinn/node-fetch)
